#
# There is insufficient memory for the Java Runtime Environment to continue.
# Native memory allocation (malloc) failed to allocate 972096 bytes for Chunk::new
# Possible reasons:
#   The system is out of physical RAM or swap space
#   In 32 bit mode, the process size limit was hit
# Possible solutions:
#   Reduce memory load on the system
#   Increase physical memory or swap space
#   Check if swap backing store is full
#   Use 64 bit Java on a 64 bit OS
#   Decrease Java heap size (-Xmx/-Xms)
#   Decrease number of Java threads
#   Decrease Java thread stack sizes (-Xss)
#   Set larger code cache with -XX:ReservedCodeCacheSize=
# This output file may be truncated or incomplete.
#
#  Out of Memory Error (allocation.cpp:390), pid=4376, tid=0x00000000000031f8
#
# JRE version: Java(TM) SE Runtime Environment (8.0_101-b13) (build 1.8.0_101-b13)
# Java VM: Java HotSpot(TM) 64-Bit Server VM (25.101-b13 mixed mode windows-amd64 compressed oops)
# Failed to write core dump. Minidumps are not enabled by default on client versions of Windows
#

---------------  T H R E A D  ---------------

Current thread (0x0000000014a06800):  JavaThread "C2 CompilerThread1" daemon [_thread_in_native, id=12792, stack(0x0000000016130000,0x0000000016230000)]

Stack: [0x0000000016130000,0x0000000016230000]
[error occurred during error reporting (printing stack bounds), id 0xc0000005]

Native frames: (J=compiled Java code, j=interpreted, Vv=VM code, C=native code)


Current CompileTask:
C2:  66353 1557       4       java.net.URLClassLoader$1::run (5 bytes)


---------------  P R O C E S S  ---------------

Java Threads: ( => current thread )
  0x000000001733d000 JavaThread "Stdin handler" [_thread_blocked, id=972, stack(0x0000000018be0000,0x0000000018ce0000)]
  0x0000000016cc2800 JavaThread "Daemon worker" [_thread_in_Java, id=2824, stack(0x0000000018ae0000,0x0000000018be0000)]
  0x0000000016cc0000 JavaThread "Cancel handler" [_thread_blocked, id=8992, stack(0x00000000189e0000,0x0000000018ae0000)]
  0x000000001649b000 JavaThread "Handler for socket connection from /127.0.0.1:65368 to /127.0.0.1:65401" [_thread_in_native, id=836, stack(0x00000000188e0000,0x00000000189e0000)]
  0x000000001649a800 JavaThread "Daemon" [_thread_blocked, id=11956, stack(0x00000000187e0000,0x00000000188e0000)]
  0x0000000016b31800 JavaThread "Incoming local TCP Connector on port 65368" [_thread_in_native, id=13660, stack(0x0000000017140000,0x0000000017240000)]
  0x0000000016358800 JavaThread "Service Thread" daemon [_thread_blocked, id=4100, stack(0x0000000016730000,0x0000000016830000)]
  0x0000000014a15800 JavaThread "C1 CompilerThread2" daemon [_thread_blocked, id=10800, stack(0x0000000016230000,0x0000000016330000)]
=>0x0000000014a06800 JavaThread "C2 CompilerThread1" daemon [_thread_in_native, id=12792, stack(0x0000000016130000,0x0000000016230000)]
  0x0000000014a03000 JavaThread "C2 CompilerThread0" daemon [_thread_in_native, id=10492, stack(0x0000000016030000,0x0000000016130000)]
  0x0000000014a01000 JavaThread "Attach Listener" daemon [_thread_blocked, id=14024, stack(0x0000000015f30000,0x0000000016030000)]
  0x00000000149fe000 JavaThread "Signal Dispatcher" daemon [_thread_blocked, id=8392, stack(0x0000000015e30000,0x0000000015f30000)]
  0x000000000230c000 JavaThread "Finalizer" daemon [_thread_blocked, id=9632, stack(0x0000000015c50000,0x0000000015d50000)]
  0x0000000002301000 JavaThread "Reference Handler" daemon [_thread_blocked, id=11696, stack(0x0000000015b50000,0x0000000015c50000)]
  0x00000000020be800 JavaThread "main" [_thread_blocked, id=4004, stack(0x0000000002110000,0x0000000002210000)]

Other Threads:
  0x00000000149c8000 VMThread [stack: 0x0000000015a50000,0x0000000015b50000] [id=15840]
  0x000000001635d800 WatcherThread [stack: 0x0000000016830000,0x0000000016930000] [id=14940]

VM state:not at safepoint (normal execution)

VM Mutex/Monitor currently owned by a thread: None

Heap:
 PSYoungGen      total 38400K, used 25533K [0x00000000eab00000, 0x00000000ed580000, 0x0000000100000000)
  eden space 33280K, 61% used [0x00000000eab00000,0x00000000ebef1990,0x00000000ecb80000)
  from space 5120K, 99% used [0x00000000ed080000,0x00000000ed57dd50,0x00000000ed580000)
  to   space 5120K, 0% used [0x00000000ecb80000,0x00000000ecb80000,0x00000000ed080000)
 ParOldGen       total 87552K, used 1345K [0x00000000c0000000, 0x00000000c5580000, 0x00000000eab00000)
  object space 87552K, 1% used [0x00000000c0000000,0x00000000c01504e0,0x00000000c5580000)
 Metaspace       used 16868K, capacity 17212K, committed 17280K, reserved 1064960K
  class space    used 2261K, capacity 2390K, committed 2432K, reserved 1048576K

Card table byte_map: [0x00000000116d0000,0x00000000118e0000] byte_map_base: 0x00000000110d0000

Marking Bits: (ParMarkBitMap*) 0x000000005697a6d0
 Begin Bits: [0x0000000011e40000, 0x0000000012e40000)
 End Bits:   [0x0000000012e40000, 0x0000000013e40000)

Polling page: 0x0000000000570000

CodeCache: size=245760Kb used=5030Kb max_used=5129Kb free=240729Kb
 bounds [0x0000000002310000, 0x0000000002820000, 0x0000000011310000]
 total_blobs=1833 nmethods=1459 adapters=286
 compilation: enabled

Compilation events (10 events):
Event: 65.981 Thread 0x0000000014a15800 1560   !   3       sun.misc.URLClassPath$JarLoader::getResource (349 bytes)
Event: 65.985 Thread 0x0000000014a15800 nmethod 1560 0x0000000002817190 code [0x00000000028175e0, 0x0000000002819708]
Event: 65.985 Thread 0x0000000014a15800 1561       3       sun.misc.JarIndex::get (49 bytes)
Event: 65.986 Thread 0x0000000014a15800 nmethod 1561 0x0000000002813390 code [0x0000000002813560, 0x0000000002813dd8]
Event: 66.003 Thread 0x0000000014a15800 1562       3       sun.net.util.URLUtil::urlNoFragString (114 bytes)
Event: 66.005 Thread 0x0000000014a15800 nmethod 1562 0x000000000281b510 code [0x000000000281b7a0, 0x000000000281cc68]
Event: 66.083 Thread 0x0000000014a15800 1563       3       java.util.regex.Pattern$1::isSatisfiedBy (13 bytes)
Event: 66.083 Thread 0x0000000014a15800 nmethod 1563 0x0000000002420b10 code [0x0000000002420c80, 0x0000000002420f30]
Event: 66.086 Thread 0x0000000014a15800 1564       3       java.util.regex.Pattern$5::isSatisfiedBy (28 bytes)
Event: 66.087 Thread 0x0000000014a15800 nmethod 1564 0x00000000024f7750 code [0x00000000024f78e0, 0x00000000024f7c78]

GC Heap History (4 events):
Event: 10.095 GC heap before
{Heap before GC invocations=1 (full 0):
 PSYoungGen      total 38400K, used 33280K [0x00000000eab00000, 0x00000000ed580000, 0x0000000100000000)
  eden space 33280K, 100% used [0x00000000eab00000,0x00000000ecb80000,0x00000000ecb80000)
  from space 5120K, 0% used [0x00000000ed080000,0x00000000ed080000,0x00000000ed580000)
  to   space 5120K, 0% used [0x00000000ecb80000,0x00000000ecb80000,0x00000000ed080000)
 ParOldGen       total 87552K, used 0K [0x00000000c0000000, 0x00000000c5580000, 0x00000000eab00000)
  object space 87552K, 0% used [0x00000000c0000000,0x00000000c0000000,0x00000000c5580000)
 Metaspace       used 6667K, capacity 6880K, committed 7168K, reserved 1056768K
  class space    used 859K, capacity 928K, committed 1024K, reserved 1048576K
Event: 10.164 GC heap after
Heap after GC invocations=1 (full 0):
 PSYoungGen      total 38400K, used 4250K [0x00000000eab00000, 0x00000000ed580000, 0x0000000100000000)
  eden space 33280K, 0% used [0x00000000eab00000,0x00000000eab00000,0x00000000ecb80000)
  from space 5120K, 83% used [0x00000000ecb80000,0x00000000ecfa6a20,0x00000000ed080000)
  to   space 5120K, 0% used [0x00000000ed080000,0x00000000ed080000,0x00000000ed580000)
 ParOldGen       total 87552K, used 8K [0x00000000c0000000, 0x00000000c5580000, 0x00000000eab00000)
  object space 87552K, 0% used [0x00000000c0000000,0x00000000c0002000,0x00000000c5580000)
 Metaspace       used 6667K, capacity 6880K, committed 7168K, reserved 1056768K
  class space    used 859K, capacity 928K, committed 1024K, reserved 1048576K
}
Event: 58.169 GC heap before
{Heap before GC invocations=2 (full 0):
 PSYoungGen      total 38400K, used 37530K [0x00000000eab00000, 0x00000000ed580000, 0x0000000100000000)
  eden space 33280K, 100% used [0x00000000eab00000,0x00000000ecb80000,0x00000000ecb80000)
  from space 5120K, 83% used [0x00000000ecb80000,0x00000000ecfa6a20,0x00000000ed080000)
  to   space 5120K, 0% used [0x00000000ed080000,0x00000000ed080000,0x00000000ed580000)
 ParOldGen       total 87552K, used 8K [0x00000000c0000000, 0x00000000c5580000, 0x00000000eab00000)
  object space 87552K, 0% used [0x00000000c0000000,0x00000000c0002000,0x00000000c5580000)
 Metaspace       used 12714K, capacity 13020K, committed 13184K, reserved 1060864K
  class space    used 1725K, capacity 1846K, committed 1920K, reserved 1048576K
Event: 58.177 GC heap after
Heap after GC invocations=2 (full 0):
 PSYoungGen      total 38400K, used 5111K [0x00000000eab00000, 0x00000000ed580000, 0x0000000100000000)
  eden space 33280K, 0% used [0x00000000eab00000,0x00000000eab00000,0x00000000ecb80000)
  from space 5120K, 99% used [0x00000000ed080000,0x00000000ed57dd50,0x00000000ed580000)
  to   space 5120K, 0% used [0x00000000ecb80000,0x00000000ecb80000,0x00000000ed080000)
 ParOldGen       total 87552K, used 1345K [0x00000000c0000000, 0x00000000c5580000, 0x00000000eab00000)
  object space 87552K, 1% used [0x00000000c0000000,0x00000000c01504e0,0x00000000c5580000)
 Metaspace       used 12714K, capacity 13020K, committed 13184K, reserved 1060864K
  class space    used 1725K, capacity 1846K, committed 1920K, reserved 1048576K
}

Deoptimization events (10 events):
Event: 52.990 Thread 0x0000000016cc2800 Uncommon trap: reason=bimorphic action=maybe_recompile pc=0x0000000002546834 method=java.util.HashMap.putVal(ILjava/lang/Object;Ljava/lang/Object;ZZ)Ljava/lang/Object; @ 253
Event: 56.692 Thread 0x0000000016cc2800 Uncommon trap: reason=class_check action=maybe_recompile pc=0x0000000002555494 method=java.util.HashMap.putVal(ILjava/lang/Object;Ljava/lang/Object;ZZ)Ljava/lang/Object; @ 203
Event: 56.692 Thread 0x0000000016cc2800 Uncommon trap: reason=class_check action=maybe_recompile pc=0x0000000002555494 method=java.util.HashMap.putVal(ILjava/lang/Object;Ljava/lang/Object;ZZ)Ljava/lang/Object; @ 203
Event: 56.692 Thread 0x0000000016cc2800 Uncommon trap: reason=bimorphic action=maybe_recompile pc=0x000000000277ee6c method=java.util.HashMap.putVal(ILjava/lang/Object;Ljava/lang/Object;ZZ)Ljava/lang/Object; @ 203
Event: 56.692 Thread 0x0000000016cc2800 Uncommon trap: reason=bimorphic action=maybe_recompile pc=0x000000000277ee6c method=java.util.HashMap.putVal(ILjava/lang/Object;Ljava/lang/Object;ZZ)Ljava/lang/Object; @ 203
Event: 57.246 Thread 0x0000000016cc2800 Uncommon trap: reason=unstable_if action=reinterpret pc=0x000000000245c4c8 method=java.net.URI.match(CJJ)Z @ 19
Event: 63.934 Thread 0x0000000016cc2800 Uncommon trap: reason=unstable_if action=reinterpret pc=0x00000000025a4890 method=java.util.HashMap.getNode(ILjava/lang/Object;)Ljava/util/HashMap$Node; @ 129
Event: 63.935 Thread 0x0000000016cc2800 Uncommon trap: reason=bimorphic action=maybe_recompile pc=0x000000000277df20 method=java.util.HashMap.putVal(ILjava/lang/Object;Ljava/lang/Object;ZZ)Ljava/lang/Object; @ 203
Event: 63.935 Thread 0x0000000016cc2800 Uncommon trap: reason=unstable_if action=reinterpret pc=0x000000000257e938 method=java.util.HashMap.getNode(ILjava/lang/Object;)Ljava/util/HashMap$Node; @ 129
Event: 64.698 Thread 0x0000000016cc2800 Uncommon trap: reason=bimorphic action=maybe_recompile pc=0x00000000026abb64 method=java.util.AbstractCollection.toArray()[Ljava/lang/Object; @ 1

Internal exceptions (10 events):
Event: 64.585 Thread 0x0000000016cc2800 Exception <a 'java/lang/ClassNotFoundException': groovy/lang/ExpandoMetaClassBeanInfo> (0x00000000eb2b4bc8) thrown at [C:\re\workspace\8-2-build-windows-amd64-cygwin\jdk8u101\7261\hotspot\src\share\vm\classfile\systemDictionary.cpp, line 210]
Event: 64.586 Thread 0x0000000016cc2800 Exception <a 'java/lang/ClassNotFoundException': groovy/lang/MetaClassImplBeanInfo> (0x00000000eb2bf3e0) thrown at [C:\re\workspace\8-2-build-windows-amd64-cygwin\jdk8u101\7261\hotspot\src\share\vm\classfile\systemDictionary.cpp, line 210]
Event: 64.586 Thread 0x0000000016cc2800 Exception <a 'java/lang/ClassNotFoundException': java/lang/ObjectBeanInfo> (0x00000000eb2c4188) thrown at [C:\re\workspace\8-2-build-windows-amd64-cygwin\jdk8u101\7261\hotspot\src\share\vm\classfile\systemDictionary.cpp, line 210]
Event: 64.587 Thread 0x0000000016cc2800 Exception <a 'java/lang/ClassNotFoundException': java/lang/ObjectCustomizer> (0x00000000eb2c90a8) thrown at [C:\re\workspace\8-2-build-windows-amd64-cygwin\jdk8u101\7261\hotspot\src\share\vm\classfile\systemDictionary.cpp, line 210]
Event: 64.691 Thread 0x0000000016cc2800 Exception <a 'java/lang/ClassNotFoundException': groovy/lang/MetaClassImplCustomizer> (0x00000000eb2db5b8) thrown at [C:\re\workspace\8-2-build-windows-amd64-cygwin\jdk8u101\7261\hotspot\src\share\vm\classfile\systemDictionary.cpp, line 210]
Event: 64.695 Thread 0x0000000016cc2800 Exception <a 'java/lang/ClassNotFoundException': groovy/lang/ExpandoMetaClassCustomizer> (0x00000000eb30edf0) thrown at [C:\re\workspace\8-2-build-windows-amd64-cygwin\jdk8u101\7261\hotspot\src\share\vm\classfile\systemDictionary.cpp, line 210]
Event: 64.722 Thread 0x0000000016cc2800 Exception <a 'java/lang/ClassNotFoundException': org/gradle/api/internal/plugins/DefaultExtraPropertiesExtensionBeanInfo> (0x00000000eb38f348) thrown at [C:\re\workspace\8-2-build-windows-amd64-cygwin\jdk8u101\7261\hotspot\src\share\vm\classfile\systemDict<2°=:.P@
Event: 64.722 Thread 0x0000000016cc2800 Exception <a 'java/lang/ClassNotFoundException': groovy/lang/GroovyObjectSupportBeanInfo> (0x00000000eb39ac60) thrown at [C:\re\workspace\8-2-build-windows-amd64-cygwin\jdk8u101\7261\hotspot\src\share\vm\classfile\systemDictionary.cpp, line 210]
Event: 64.723 Thread 0x0000000016cc2800 Exception <a 'java/lang/ClassNotFoundException': groovy/lang/GroovyObjectSupportCustomizer> (0x00000000eb3a68e0) thrown at [C:\re\workspace\8-2-build-windows-amd64-cygwin\jdk8u101\7261\hotspot\src\share\vm\classfile\systemDictionary.cpp, line 210]
Event: 64.724 Thread 0x0000000016cc2800 Exception <a 'java/lang/ClassNotFoundException': org/gradle/api/internal/plugins/DefaultExtraPropertiesExtensionCustomizer> (0x00000000eb3bc4e0) thrown at [C:\re\workspace\8-2-build-windows-amd64-cygwin\jdk8u101\7261\hotspot\src\share\vm\classfile\systemDiþè&ªr%P@

Events (10 events):
Event: 66.142 loading class org/gradle/plugin/use/resolve/service/internal/DeprecationListeningPluginResolutionServiceClient
Event: 66.142 loading class org/gradle/plugin/use/resolve/service/internal/DeprecationListeningPluginResolutionServiceClient done
Event: 66.143 loading class org/gradle/plugin/use/resolve/service/internal/DeprecationListeningPluginResolutionServiceClient$1
Event: 66.143 loading class org/gradle/plugin/use/resolve/service/internal/DeprecationListeningPluginResolutionServiceClient$1 done
Event: 66.144 loading class org/apache/ivy/plugins/matcher/PatternMatcher
Event: 66.144 loading class org/apache/ivy/plugins/matcher/PatternMatcher done
Event: 66.144 Executing VM operation: RevokeBias
Event: 66.144 Executing VM operation: RevokeBias done
Event: 66.145 Executing VM operation: RevokeBias
Event: 66.145 Executing VM operation: RevokeBias done


Dynamic libraries:
0x00007ff7a1210000 - 0x00007ff7a1247000 	C:\Program Files\Java\jdk1.8.0_101\bin\java.exe
0x00007ffe012c0000 - 0x00007ffe01481000 	C:\WINDOWS\SYSTEM32\ntdll.dll
0x00007ffe008a0000 - 0x00007ffe0094d000 	C:\WINDOWS\system32\KERNEL32.DLL
0x00007ffdfda70000 - 0x00007ffdfdc58000 	C:\WINDOWS\system32\KERNELBASE.dll
0x00007ffdfe940000 - 0x00007ffdfe9e7000 	C:\WINDOWS\system32\ADVAPI32.dll
0x00007ffe00ad0000 - 0x00007ffe00b6d000 	C:\WINDOWS\system32\msvcrt.dll
0x00007ffe00a70000 - 0x00007ffe00acb000 	C:\WINDOWS\system32\sechost.dll
0x00007ffe00950000 - 0x00007ffe00a6c000 	C:\WINDOWS\system32\RPCRT4.dll
0x00007ffe006d0000 - 0x00007ffe00826000 	C:\WINDOWS\system32\USER32.dll
0x00007ffe00020000 - 0x00007ffe001a6000 	C:\WINDOWS\system32\GDI32.dll
0x00007ffdee390000 - 0x00007ffdee604000 	C:\WINDOWS\WinSxS\amd64_microsoft.windows.common-controls_6595b64144ccf1df_6.0.10586.494_none_a2d8b04ea53e3145\COMCTL32.dll
0x00007ffdfe6c0000 - 0x00007ffdfe93d000 	C:\WINDOWS\system32\combase.dll
0x00007ffdfda00000 - 0x00007ffdfda6a000 	C:\WINDOWS\system32\bcryptPrimitives.dll
0x00007ffe01270000 - 0x00007ffe012ab000 	C:\WINDOWS\system32\IMM32.DLL
0x0000000057920000 - 0x00000000579f2000 	C:\Program Files\Java\jdk1.8.0_101\jre\bin\msvcr100.dll
0x0000000056160000 - 0x00000000569fa000 	C:\Program Files\Java\jdk1.8.0_101\jre\bin\server\jvm.dll
0x00007ffe00420000 - 0x00007ffe00428000 	C:\WINDOWS\system32\PSAPI.DLL
0x00007ffdf1c10000 - 0x00007ffdf1c19000 	C:\WINDOWS\SYSTEM32\WSOCK32.dll
0x00007ffdfbe60000 - 0x00007ffdfbe83000 	C:\WINDOWS\SYSTEM32\WINMM.dll
0x00007ffdf0360000 - 0x00007ffdf036a000 	C:\WINDOWS\SYSTEM32\VERSION.dll
0x00007ffe00830000 - 0x00007ffe0089b000 	C:\WINDOWS\system32\WS2_32.dll
0x00007ffdfbdb0000 - 0x00007ffdfbddc000 	C:\WINDOWS\SYSTEM32\WINMMBASE.dll
0x00007ffdfe5b0000 - 0x00007ffdfe5f3000 	C:\WINDOWS\system32\cfgmgr32.dll
0x0000000059cc0000 - 0x0000000059ccf000 	C:\Program Files\Java\jdk1.8.0_101\jre\bin\verify.dll
0x0000000059b10000 - 0x0000000059b39000 	C:\Program Files\Java\jdk1.8.0_101\jre\bin\java.dll
0x0000000059af0000 - 0x0000000059b06000 	C:\Program Files\Java\jdk1.8.0_101\jre\bin\zip.dll
0x00007ffdfe9f0000 - 0x00007ffdfff4c000 	C:\WINDOWS\system32\SHELL32.dll
0x00007ffdfde90000 - 0x00007ffdfe4d5000 	C:\WINDOWS\system32\windows.storage.dll
0x00007ffe00310000 - 0x00007ffe00362000 	C:\WINDOWS\system32\shlwapi.dll
0x00007ffdfd960000 - 0x00007ffdfd96f000 	C:\WINDOWS\system32\kernel.appcore.dll
0x00007ffdfe600000 - 0x00007ffdfe6b5000 	C:\WINDOWS\system32\shcore.dll
0x00007ffdfd910000 - 0x00007ffdfd95b000 	C:\WINDOWS\system32\powrprof.dll
0x00007ffdfd8e0000 - 0x00007ffdfd8f4000 	C:\WINDOWS\system32\profapi.dll
0x0000000057db0000 - 0x0000000057dca000 	C:\Program Files\Java\jdk1.8.0_101\jre\bin\net.dll
0x00007ffdfd1b0000 - 0x00007ffdfd20c000 	C:\WINDOWS\system32\mswsock.dll
0x0000000057d90000 - 0x0000000057da1000 	C:\Program Files\Java\jdk1.8.0_101\jre\bin\nio.dll
0x00007ffddcef0000 - 0x00007ffddcf02000 	C:\Users\drake\.gradle\native\19\windows-amd64\native-platform.dll
0x00007ffdfa4a0000 - 0x00007ffdfa4d8000 	C:\WINDOWS\SYSTEM32\IPHLPAPI.DLL
0x00007ffe012b0000 - 0x00007ffe012b8000 	C:\WINDOWS\system32\NSI.dll
0x00007ffdf6150000 - 0x00007ffdf6166000 	C:\WINDOWS\SYSTEM32\dhcpcsvc6.DLL
0x00007ffdf60c0000 - 0x00007ffdf60da000 	C:\WINDOWS\SYSTEM32\dhcpcsvc.DLL
0x00007ffdfd260000 - 0x00007ffdfd277000 	C:\WINDOWS\SYSTEM32\CRYPTSP.dll
0x00007ffdfced0000 - 0x00007ffdfcf04000 	C:\WINDOWS\system32\rsaenh.dll
0x00007ffdfd4e0000 - 0x00007ffdfd509000 	C:\WINDOWS\SYSTEM32\bcrypt.dll
0x00007ffdfd040000 - 0x00007ffdfd05f000 	C:\WINDOWS\SYSTEM32\USERENV.dll
0x00007ffdfd3e0000 - 0x00007ffdfd3eb000 	C:\WINDOWS\SYSTEM32\CRYPTBASE.dll

VM Arguments:
jvm_args: -XX:MaxPermSize=256m -XX:+HeapDumpOnOutOfMemoryError -Xmx1024m -Dfile.encoding=windows-1252 -Duser.country=US -Duser.language=en -Duser.variant 
java_command: org.gradle.launcher.daemon.bootstrap.GradleDaemon 2.10
java_class_path (initial): C:\Users\drake\.gradle\wrapper\dists\gradle-2.10-all\a4w5fzrkeut1ox71xslb49gst\gradle-2.10\lib\gradle-launcher-2.10.jar
Launcher Type: SUN_STANDARD

Environment Variables:
PATH=C:\Users\drake\AppData\Local\Chromium\Application;C:\ProgramData\Oracle\Java\javapath;C:\oraclexe\app\oracle\product\11.2.0\server\bin;C:\app\drake\steve\product\11.2.0\dbhome_1\bin;C:\WINDOWS\system32;C:\WINDOWS;C:\WINDOWS\System32\Wbem;C:\WINDOWS\System32\WindowsPowerShell\v1.0\;C:\Program Files (x86)\Common Files\lenovo\easyplussdk\bin;C:\Program Files (x86)\ATI Technologies\ATI.ACE\Core-Static;C:\Program Files\Intel\WiFi\bin\;C:\Program Files\Common Files\Intel\WirelessCommon\;C:\WINDOWS\system32\config\systemprofile\.dnx\bin;C:\Program Files\Microsoft DNX\Dnvm\;C:\Program Files\Microsoft SQL Server\130\Tools\Binn\;C:\Program Files (x86)\Windows Kits\10\Windows Performance Toolkit\;C:\Program Files (x86)\Windows Live\Shared;C:\Program Files (x86)\Skype\Phone\;C:\Program Files\Microsoft SQL Server\110\Tools\Binn\;c:\Program Files (x86)\Microsoft SQL Server\100\Tools\Binn\;c:\Program Files\Microsoft SQL Server\100\Tools\Binn\;c:\Program Files\Microsoft SQL Server\100\DTS\Binn\;C:\Program Files (x86)\Microsoft SDKs\TypeScript\1.0\;C:\Program Files\Microsoft SQL Server\120\Tools\Binn\
USERNAME=drake
OS=Windows_NT
PROCESSOR_IDENTIFIER=Intel64 Family 6 Model 61 Stepping 4, GenuineIntel



---------------  S Y S T E M  ---------------

OS: Windows 10.0 , 64 bit Build 10586 (10.0.10586.0)

CPU:total 4 (2 cores per cpu, 2 threads per core) family 6 model 61 stepping 4, cmov, cx8, fxsr, mmx, sse, sse2, sse3, ssse3, sse4.1, sse4.2, popcnt, avx, avx2, aes, clmul, erms, 3dnowpref, lzcnt, ht, tsc, tscinvbit, bmi1, bmi2, adx

Memory: 4k page, physical 8300384k(461496k free), swap 15468384k(4620k free)

vm_info: Java HotSpot(TM) 64-Bit Server VM (25.101-b13) for windows-amd64 JRE (1.8.0_101-b13), built on Jun 22 2016 01:21:29 by "java_re" with MS VC++ 10.0 (VS2010)

time: Mon Aug 15 03:21:18 2016
elapsed time: 66 seconds (0d 0h 1m 6s)

